This is pdfTeX, Version 3.14159265-2.6-1.40.20 (MiKTeX 2.9.7140 64-bit) (preloaded format=pdflatex 2019.8.14)  14 NOV 2019 09:13
entering extended mode
**./relazioneProgetto.tex
(relazioneProgetto.tex
LaTeX2e <2018-12-01>
("C:\Users\danie\AppData\Local\Programs\MiKTeX 2.9\tex/latex/base\article.cls"
Document Class: article 2018/09/03 v1.4i Standard LaTeX document class
("C:\Users\danie\AppData\Local\Programs\MiKTeX 2.9\tex/latex/base\size11.clo"
File: size11.clo 2018/09/03 v1.4i Standard LaTeX file (size option)
)
\c@part=\count80
\c@section=\count81
\c@subsection=\count82
\c@subsubsection=\count83
\c@paragraph=\count84
\c@subparagraph=\count85
\c@figure=\count86
\c@table=\count87
\abovecaptionskip=\skip41
\belowcaptionskip=\skip42
\bibindent=\dimen102
) ("C:\Users\danie\AppData\Local\Programs\MiKTeX 2.9\tex/latex/base\inputenc.st
y"
Package: inputenc 2018/08/11 v1.3c Input encoding file
\inpenc@prehook=\toks14
\inpenc@posthook=\toks15
)
("C:\Users\danie\AppData\Local\Programs\MiKTeX 2.9\tex/latex/amsmath\amsmath.st
y"
Package: amsmath 2018/12/01 v2.17b AMS math features
\@mathmargin=\skip43

For additional information on amsmath, use the `?' option.

("C:\Users\danie\AppData\Local\Programs\MiKTeX 2.9\tex/latex/amsmath\amstext.st
y"
Package: amstext 2000/06/29 v2.01 AMS text

("C:\Users\danie\AppData\Local\Programs\MiKTeX 2.9\tex/latex/amsmath\amsgen.sty
"
File: amsgen.sty 1999/11/30 v2.0 generic functions
\@emptytoks=\toks16
\ex@=\dimen103
))
("C:\Users\danie\AppData\Local\Programs\MiKTeX 2.9\tex/latex/amsmath\amsbsy.sty
"
Package: amsbsy 1999/11/29 v1.2d Bold Symbols
\pmbraise@=\dimen104
)
("C:\Users\danie\AppData\Local\Programs\MiKTeX 2.9\tex/latex/amsmath\amsopn.sty
"
Package: amsopn 2016/03/08 v2.02 operator names
)
\inf@bad=\count88
LaTeX Info: Redefining \frac on input line 223.
\uproot@=\count89
\leftroot@=\count90
LaTeX Info: Redefining \overline on input line 385.
\classnum@=\count91
\DOTSCASE@=\count92
LaTeX Info: Redefining \ldots on input line 482.
LaTeX Info: Redefining \dots on input line 485.
LaTeX Info: Redefining \cdots on input line 606.
\Mathstrutbox@=\box27
\strutbox@=\box28
\big@size=\dimen105
LaTeX Font Info:    Redeclaring font encoding OML on input line 729.
LaTeX Font Info:    Redeclaring font encoding OMS on input line 730.
\macc@depth=\count93
\c@MaxMatrixCols=\count94
\dotsspace@=\muskip10
\c@parentequation=\count95
\dspbrk@lvl=\count96
\tag@help=\toks17
\row@=\count97
\column@=\count98
\maxfields@=\count99
\andhelp@=\toks18
\eqnshift@=\dimen106
\alignsep@=\dimen107
\tagshift@=\dimen108
\tagwidth@=\dimen109
\totwidth@=\dimen110
\lineht@=\dimen111
\@envbody=\toks19
\multlinegap=\skip44
\multlinetaggap=\skip45
\mathdisplay@stack=\toks20
LaTeX Info: Redefining \[ on input line 2844.
LaTeX Info: Redefining \] on input line 2845.
)
("C:\Users\danie\AppData\Local\Programs\MiKTeX 2.9\tex/latex/amsfonts\amsfonts.
sty"
Package: amsfonts 2013/01/14 v3.01 Basic AMSFonts support
\symAMSa=\mathgroup4
\symAMSb=\mathgroup5
LaTeX Font Info:    Overwriting math alphabet `\mathfrak' in version `bold'
(Font)                  U/euf/m/n --> U/euf/b/n on input line 106.
)
("C:\Users\danie\AppData\Local\Programs\MiKTeX 2.9\tex/latex/amsfonts\amssymb.s
ty"
Package: amssymb 2013/01/14 v3.01 AMS font symbols
)
("C:\Users\danie\AppData\Local\Programs\MiKTeX 2.9\tex/latex/pdfpages\pdfpages.
sty"
Package: pdfpages 2019/09/21 v0.5n Insert pages of external PDF documents (AM)

("C:\Users\danie\AppData\Local\Programs\MiKTeX 2.9\tex/latex/base\ifthen.sty"
Package: ifthen 2014/09/29 v1.1c Standard LaTeX ifthen package (DPC)
)
("C:\Users\danie\AppData\Local\Programs\MiKTeX 2.9\tex/latex/tools\calc.sty"
Package: calc 2017/05/25 v4.3 Infix arithmetic (KKT,FJ)
\calc@Acount=\count100
\calc@Bcount=\count101
\calc@Adimen=\dimen112
\calc@Bdimen=\dimen113
\calc@Askip=\skip46
\calc@Bskip=\skip47
LaTeX Info: Redefining \setlength on input line 80.
LaTeX Info: Redefining \addtolength on input line 81.
\calc@Ccount=\count102
\calc@Cskip=\skip48
)
("C:\Users\danie\AppData\Local\Programs\MiKTeX 2.9\tex/latex/eso-pic\eso-pic.st
y"
Package: eso-pic 2018/04/12 v2.0h eso-pic (RN)

("C:\Users\danie\AppData\Local\Programs\MiKTeX 2.9\tex/generic/oberdiek\atbegsh
i.sty"
Package: atbegshi 2016/06/09 v1.18 At begin shipout hook (HO)

("C:\Users\danie\AppData\Local\Programs\MiKTeX 2.9\tex/generic/oberdiek\infware
rr.sty"
Package: infwarerr 2016/05/16 v1.4 Providing info/warning/error messages (HO)
)
("C:\Users\danie\AppData\Local\Programs\MiKTeX 2.9\tex/generic/oberdiek\ltxcmds
.sty"
Package: ltxcmds 2016/05/16 v1.23 LaTeX kernel commands for general use (HO)
)
("C:\Users\danie\AppData\Local\Programs\MiKTeX 2.9\tex/generic/oberdiek\ifpdf.s
ty"
Package: ifpdf 2018/09/07 v3.3 Provides the ifpdf switch
))
("C:\Users\danie\AppData\Local\Programs\MiKTeX 2.9\tex/latex/graphics\keyval.st
y"
Package: keyval 2014/10/28 v1.15 key=value parser (DPC)
\KV@toks@=\toks21
)
("C:\Users\danie\AppData\Local\Programs\MiKTeX 2.9\tex/latex/xcolor\xcolor.sty"
Package: xcolor 2016/05/11 v2.12 LaTeX color extensions (UK)

("C:\Users\danie\AppData\Local\Programs\MiKTeX 2.9\tex/latex/graphics-cfg\color
.cfg"
File: color.cfg 2016/01/02 v1.6 sample color configuration
)
Package xcolor Info: Driver file: pdftex.def on input line 225.

("C:\Users\danie\AppData\Local\Programs\MiKTeX 2.9\tex/latex/graphics-def\pdfte
x.def"
File: pdftex.def 2018/01/08 v1.0l Graphics/color driver for pdftex
)
Package xcolor Info: Model `cmy' substituted by `cmy0' on input line 1348.
Package xcolor Info: Model `hsb' substituted by `rgb' on input line 1352.
Package xcolor Info: Model `RGB' extended on input line 1364.
Package xcolor Info: Model `HTML' substituted by `rgb' on input line 1366.
Package xcolor Info: Model `Hsb' substituted by `hsb' on input line 1367.
Package xcolor Info: Model `tHsb' substituted by `hsb' on input line 1368.
Package xcolor Info: Model `HSB' substituted by `hsb' on input line 1369.
Package xcolor Info: Model `Gray' substituted by `gray' on input line 1370.
Package xcolor Info: Model `wave' substituted by `hsb' on input line 1371.
))
("C:\Users\danie\AppData\Local\Programs\MiKTeX 2.9\tex/latex/graphics\graphicx.
sty"
Package: graphicx 2017/06/01 v1.1a Enhanced LaTeX Graphics (DPC,SPQR)

("C:\Users\danie\AppData\Local\Programs\MiKTeX 2.9\tex/latex/graphics\graphics.
sty"
Package: graphics 2017/06/25 v1.2c Standard LaTeX Graphics (DPC,SPQR)

("C:\Users\danie\AppData\Local\Programs\MiKTeX 2.9\tex/latex/graphics\trig.sty"
Package: trig 2016/01/03 v1.10 sin cos tan (DPC)
)
("C:\Users\danie\AppData\Local\Programs\MiKTeX 2.9\tex/latex/graphics-cfg\graph
ics.cfg"
File: graphics.cfg 2016/06/04 v1.11 sample graphics configuration
)
Package graphics Info: Driver file: pdftex.def on input line 99.
)
\Gin@req@height=\dimen114
\Gin@req@width=\dimen115
)
\AM@pagewidth=\dimen116
\AM@pageheight=\dimen117

("C:\Users\danie\AppData\Local\Programs\MiKTeX 2.9\tex/latex/pdfpages\pppdftex.
def"
File: pppdftex.def 2019/09/21 v0.5n Pdfpages driver for pdfTeX (AM)
)
\AM@pagebox=\box29
\AM@global@opts=\toks22
\AM@toc@title=\toks23
\c@AM@survey=\count103
\AM@templatesizebox=\box30
) (relazioneProgetto.aux)
\openout1 = `relazioneProgetto.aux'.

LaTeX Font Info:    Checking defaults for OML/cmm/m/it on input line 9.
LaTeX Font Info:    ... okay on input line 9.
LaTeX Font Info:    Checking defaults for T1/cmr/m/n on input line 9.
LaTeX Font Info:    ... okay on input line 9.
LaTeX Font Info:    Checking defaults for OT1/cmr/m/n on input line 9.
LaTeX Font Info:    ... okay on input line 9.
LaTeX Font Info:    Checking defaults for OMS/cmsy/m/n on input line 9.
LaTeX Font Info:    ... okay on input line 9.
LaTeX Font Info:    Checking defaults for OMX/cmex/m/n on input line 9.
LaTeX Font Info:    ... okay on input line 9.
LaTeX Font Info:    Checking defaults for U/cmr/m/n on input line 9.
LaTeX Font Info:    ... okay on input line 9.
\AtBeginShipoutBox=\box31

("C:\Users\danie\AppData\Local\Programs\MiKTeX 2.9\tex/context/base/mkii\supp-p
df.mkii"
[Loading MPS to PDF converter (version 2006.09.02).]
\scratchcounter=\count104
\scratchdimen=\dimen118
\scratchbox=\box32
\nofMPsegments=\count105
\nofMParguments=\count106
\everyMPshowfont=\toks24
\MPscratchCnt=\count107
\MPscratchDim=\dimen119
\MPnumerator=\count108
\makeMPintoPDFobject=\count109
\everyMPtoPDFconversion=\toks25
)
("C:\Users\danie\AppData\Local\Programs\MiKTeX 2.9\tex/latex/oberdiek\epstopdf-
base.sty"
Package: epstopdf-base 2016/05/15 v2.6 Base part for package epstopdf

("C:\Users\danie\AppData\Local\Programs\MiKTeX 2.9\tex/latex/oberdiek\grfext.st
y"
Package: grfext 2016/05/16 v1.2 Manage graphics extensions (HO)

("C:\Users\danie\AppData\Local\Programs\MiKTeX 2.9\tex/generic/oberdiek\kvdefin
ekeys.sty"
Package: kvdefinekeys 2016/05/16 v1.4 Define keys (HO)
))
("C:\Users\danie\AppData\Local\Programs\MiKTeX 2.9\tex/latex/oberdiek\kvoptions
.sty"
Package: kvoptions 2016/05/16 v3.12 Key value format for package options (HO)

("C:\Users\danie\AppData\Local\Programs\MiKTeX 2.9\tex/generic/oberdiek\kvsetke
ys.sty"
Package: kvsetkeys 2016/05/16 v1.17 Key value parser (HO)

("C:\Users\danie\AppData\Local\Programs\MiKTeX 2.9\tex/generic/oberdiek\etexcmd
s.sty"
Package: etexcmds 2016/05/16 v1.6 Avoid name clashes with e-TeX commands (HO)

("C:\Users\danie\AppData\Local\Programs\MiKTeX 2.9\tex/generic/oberdiek\ifluate
x.sty"
Package: ifluatex 2016/05/16 v1.4 Provides the ifluatex switch (HO)
Package ifluatex Info: LuaTeX not detected.
))))
("C:\Users\danie\AppData\Local\Programs\MiKTeX 2.9\tex/generic/oberdiek\pdftexc
mds.sty"
Package: pdftexcmds 2019/07/25 v0.30 Utility functions of pdfTeX for LuaTeX (HO
)
Package pdftexcmds Info: LuaTeX not detected.
Package pdftexcmds Info: \pdf@primitive is available.
Package pdftexcmds Info: \pdf@ifprimitive is available.
Package pdftexcmds Info: \pdfdraftmode found.
)
Package epstopdf-base Info: Redefining graphics rule for `.eps' on input line 4
38.
Package grfext Info: Graphics extension search list:
(grfext)             [.pdf,.png,.jpg,.mps,.jpeg,.jbig2,.jb2,.PDF,.PNG,.JPG,.JPE
G,.JBIG2,.JB2,.eps]
(grfext)             \AppendGraphicsExtensions on input line 456.
)
("C:\Users\danie\AppData\Local\Programs\MiKTeX 2.9\tex/latex/oberdiek\pdflscape
.sty"
Package: pdflscape 2016/05/14 v0.11 Display of landscape pages in PDF (HO)

("C:\Users\danie\AppData\Local\Programs\MiKTeX 2.9\tex/latex/graphics\lscape.st
y"
Package: lscape 2000/10/22 v3.01 Landscape Pages (DPC)
)
Package pdflscape Info: Auto-detected driver: pdftex on input line 81.

("C:\Users\danie\AppData\Local\Programs\MiKTeX 2.9\tex/generic/ifxetex\ifxetex.
sty"
Package: ifxetex 2010/09/12 v0.6 Provides ifxetex conditional
))
LaTeX Font Info:    Try loading font information for OMS+cmr on input line 19.

("C:\Users\danie\AppData\Local\Programs\MiKTeX 2.9\tex/latex/base\omscmr.fd"
File: omscmr.fd 2014/09/29 v2.5h Standard LaTeX font definitions
)
LaTeX Font Info:    Font shape `OMS/cmr/m/n' in size <10.95> not available
(Font)              Font shape `OMS/cmsy/m/n' tried instead on input line 19.

[1

{C:/Users/danie/AppData/Local/MiKTeX/2.9/pdftex/config/pdftex.map}] [2]
<Diagrams/UseCaseFinal.pdf, id=12, 598.15468pt x 845.07718pt>
File: Diagrams/UseCaseFinal.pdf Graphic file (type pdf)
<use Diagrams/UseCaseFinal.pdf>
Package pdftex.def Info: Diagrams/UseCaseFinal.pdf  used on input line 65.
(pdftex.def)             Requested size: 598.15321pt x 845.07512pt.
File: Diagrams/UseCaseFinal.pdf Graphic file (type pdf)
<use Diagrams/UseCaseFinal.pdf>
Package pdftex.def Info: Diagrams/UseCaseFinal.pdf  used on input line 65.
(pdftex.def)             Requested size: 598.15321pt x 845.07512pt.
<Diagrams/UseCaseFinal.pdf, id=15, page=1, 598.15468pt x 845.07718pt>
File: Diagrams/UseCaseFinal.pdf Graphic file (type pdf)
<use Diagrams/UseCaseFinal.pdf, page 1>
Package pdftex.def Info: Diagrams/UseCaseFinal.pdf , page1 used on input line 6
5.
(pdftex.def)             Requested size: 598.15321pt x 845.07512pt.
File: Diagrams/UseCaseFinal.pdf Graphic file (type pdf)
<use Diagrams/UseCaseFinal.pdf, page 1>
Package pdftex.def Info: Diagrams/UseCaseFinal.pdf , page1 used on input line 6
5.
(pdftex.def)             Requested size: 597.66034pt x 844.37878pt.

[3]
File: Diagrams/UseCaseFinal.pdf Graphic file (type pdf)
<use Diagrams/UseCaseFinal.pdf, page 1>
Package pdftex.def Info: Diagrams/UseCaseFinal.pdf , page1 used on input line 6
5.
(pdftex.def)             Requested size: 597.66034pt x 844.37878pt.
File: Diagrams/UseCaseFinal.pdf Graphic file (type pdf)
<use Diagrams/UseCaseFinal.pdf, page 1>
Package pdftex.def Info: Diagrams/UseCaseFinal.pdf , page1 used on input line 6
5.
(pdftex.def)             Requested size: 597.66034pt x 844.37878pt.
File: Diagrams/UseCaseFinal.pdf Graphic file (type pdf)
<use Diagrams/UseCaseFinal.pdf, page 1>
Package pdftex.def Info: Diagrams/UseCaseFinal.pdf , page1 used on input line 6
5.
(pdftex.def)             Requested size: 597.66034pt x 844.37878pt.
 [4 <./Diagrams/UseCaseFinal.pdf

pdfTeX warning: pdflatex (file ./Diagrams/UseCaseFinal.pdf): PDF inclusion: inv
alid other resource which is no dict (key 'ProcSets', type <array>); ignored.
>]
<./Storyboards/Home.jpg, id=36, 1453.5906pt x 1035.87pt>
File: ./Storyboards/Home.jpg Graphic file (type jpg)
<use ./Storyboards/Home.jpg>
Package pdftex.def Info: ./Storyboards/Home.jpg  used on input line 67.
(pdftex.def)             Requested size: 363.39676pt x 258.96686pt.
<./Storyboards/Concert.jpg, id=37, 1453.5906pt x 1035.87pt>
File: ./Storyboards/Concert.jpg Graphic file (type jpg)
<use ./Storyboards/Concert.jpg>
Package pdftex.def Info: ./Storyboards/Concert.jpg  used on input line 68.
(pdftex.def)             Requested size: 363.39676pt x 258.96686pt.
<./Storyboards/News.jpg, id=38, 1453.5906pt x 1035.87pt>
File: ./Storyboards/News.jpg Graphic file (type jpg)
<use ./Storyboards/News.jpg>
Package pdftex.def Info: ./Storyboards/News.jpg  used on input line 69.
(pdftex.def)             Requested size: 363.39676pt x 258.96686pt.
<./Storyboards/AroundYou.jpg, id=39, 1453.5906pt x 1035.87pt>
File: ./Storyboards/AroundYou.jpg Graphic file (type jpg)
<use ./Storyboards/AroundYou.jpg>
Package pdftex.def Info: ./Storyboards/AroundYou.jpg  used on input line 70.
(pdftex.def)             Requested size: 363.39676pt x 258.96686pt.
<./Storyboards/MyEvents.jpg, id=40, 1453.5906pt x 1035.87pt>
File: ./Storyboards/MyEvents.jpg Graphic file (type jpg)
<use ./Storyboards/MyEvents.jpg>
Package pdftex.def Info: ./Storyboards/MyEvents.jpg  used on input line 71.
(pdftex.def)             Requested size: 363.39676pt x 258.96686pt.
<./Storyboards/Favorites.jpg, id=41, 1453.5906pt x 1035.87pt>
File: ./Storyboards/Favorites.jpg Graphic file (type jpg)
<use ./Storyboards/Favorites.jpg>
Package pdftex.def Info: ./Storyboards/Favorites.jpg  used on input line 72.
(pdftex.def)             Requested size: 363.39676pt x 258.96686pt.
<./Storyboards/Login.jpg, id=42, 1445.4pt x 1028.1612pt>
File: ./Storyboards/Login.jpg Graphic file (type jpg)
<use ./Storyboards/Login.jpg>
Package pdftex.def Info: ./Storyboards/Login.jpg  used on input line 73.
(pdftex.def)             Requested size: 361.34912pt x 257.03967pt.
<./Storyboards/AddEvent.jpg, id=43, 1453.5906pt x 1035.87pt>
File: ./Storyboards/AddEvent.jpg Graphic file (type jpg)
<use ./Storyboards/AddEvent.jpg>
Package pdftex.def Info: ./Storyboards/AddEvent.jpg  used on input line 74.
(pdftex.def)             Requested size: 363.39676pt x 258.96686pt.

Overfull \hbox (30.77182pt too wide) in paragraph at lines 67--75
[]
 []


Overfull \hbox (30.77182pt too wide) in paragraph at lines 67--75
[]
 []


Overfull \hbox (30.77182pt too wide) in paragraph at lines 67--75
[]
 []


Overfull \hbox (30.77182pt too wide) in paragraph at lines 67--75
[]
 []


Overfull \hbox (30.77182pt too wide) in paragraph at lines 67--75
[]
 []


Overfull \hbox (30.77182pt too wide) in paragraph at lines 67--75
[]
 []


Overfull \hbox (28.72418pt too wide) in paragraph at lines 67--75
[]
 []


Overfull \hbox (30.77182pt too wide) in paragraph at lines 67--75
[] 
 []

[5 <./Storyboards/Home.jpg> <./Storyboards/Concert.jpg>] [6 <./Storyboards/News
.jpg> <./Storyboards/AroundYou.jpg>] [7 <./Storyboards/MyEvents.jpg> <./Storybo
ards/Favorites.jpg>]

pdfTeX warning: pdflatex (file ./Diagrams/hmwActivityDiagram.pdf): PDF inclusio
n: found PDF version <1.7>, but at most version <1.5> allowed
<Diagrams/hmwActivityDiagram.pdf, id=54, 844.15375pt x 1165.35374pt>
File: Diagrams/hmwActivityDiagram.pdf Graphic file (type pdf)
<use Diagrams/hmwActivityDiagram.pdf>
Package pdftex.def Info: Diagrams/hmwActivityDiagram.pdf  used on input line 76
.
(pdftex.def)             Requested size: 844.15169pt x 1165.3509pt.


pdfTeX warning: pdflatex (file ./Diagrams/hmwActivityDiagram.pdf): PDF inclusio
n: found PDF version <1.7>, but at most version <1.5> allowed
File: Diagrams/hmwActivityDiagram.pdf Graphic file (type pdf)
<use Diagrams/hmwActivityDiagram.pdf>
Package pdftex.def Info: Diagrams/hmwActivityDiagram.pdf  used on input line 76
.
(pdftex.def)             Requested size: 844.15169pt x 1165.3509pt.


pdfTeX warning: pdflatex (file ./Diagrams/hmwActivityDiagram.pdf): PDF inclusio
n: found PDF version <1.7>, but at most version <1.5> allowed


pdfTeX warning: pdflatex (file ./Diagrams/hmwActivityDiagram.pdf): PDF inclusio
n: found PDF version <1.7>, but at most version <1.5> allowed
<Diagrams/hmwActivityDiagram.pdf, id=57, page=1, 844.15375pt x 1165.35374pt>
File: Diagrams/hmwActivityDiagram.pdf Graphic file (type pdf)
<use Diagrams/hmwActivityDiagram.pdf, page 1>
Package pdftex.def Info: Diagrams/hmwActivityDiagram.pdf , page1 used on input 
line 76.
(pdftex.def)             Requested size: 844.15169pt x 1165.3509pt.
File: Diagrams/hmwActivityDiagram.pdf Graphic file (type pdf)
<use Diagrams/hmwActivityDiagram.pdf, page 1>
Package pdftex.def Info: Diagrams/hmwActivityDiagram.pdf , page1 used on input 
line 76.
(pdftex.def)             Requested size: 597.61446pt x 825.00641pt.
[8 <./Storyboards/Login.jpg> <./Storyboards/AddEvent.jpg>]
File: Diagrams/hmwActivityDiagram.pdf Graphic file (type pdf)
<use Diagrams/hmwActivityDiagram.pdf, page 1>
Package pdftex.def Info: Diagrams/hmwActivityDiagram.pdf , page1 used on input 
line 76.
(pdftex.def)             Requested size: 597.61446pt x 825.00641pt.
File: Diagrams/hmwActivityDiagram.pdf Graphic file (type pdf)
<use Diagrams/hmwActivityDiagram.pdf, page 1>
Package pdftex.def Info: Diagrams/hmwActivityDiagram.pdf , page1 used on input 
line 76.
(pdftex.def)             Requested size: 597.61446pt x 825.00641pt.
File: Diagrams/hmwActivityDiagram.pdf Graphic file (type pdf)
<use Diagrams/hmwActivityDiagram.pdf, page 1>
Package pdftex.def Info: Diagrams/hmwActivityDiagram.pdf , page1 used on input 
line 76.
(pdftex.def)             Requested size: 597.61446pt x 825.00641pt.
 [9 <./Diagrams/hmwActivityDiagram.pdf>]

pdfTeX warning: pdflatex (file ./Diagrams/logActivityDiagram.pdf): PDF inclusio
n: found PDF version <1.7>, but at most version <1.5> allowed
<Diagrams/logActivityDiagram.pdf, id=70, 844.15375pt x 1165.35374pt>
File: Diagrams/logActivityDiagram.pdf Graphic file (type pdf)
<use Diagrams/logActivityDiagram.pdf>
Package pdftex.def Info: Diagrams/logActivityDiagram.pdf  used on input line 77
.
(pdftex.def)             Requested size: 844.15169pt x 1165.3509pt.


pdfTeX warning: pdflatex (file ./Diagrams/logActivityDiagram.pdf): PDF inclusio
n: found PDF version <1.7>, but at most version <1.5> allowed
File: Diagrams/logActivityDiagram.pdf Graphic file (type pdf)
<use Diagrams/logActivityDiagram.pdf>
Package pdftex.def Info: Diagrams/logActivityDiagram.pdf  used on input line 77
.
(pdftex.def)             Requested size: 844.15169pt x 1165.3509pt.


pdfTeX warning: pdflatex (file ./Diagrams/logActivityDiagram.pdf): PDF inclusio
n: found PDF version <1.7>, but at most version <1.5> allowed


pdfTeX warning: pdflatex (file ./Diagrams/logActivityDiagram.pdf): PDF inclusio
n: found PDF version <1.7>, but at most version <1.5> allowed
<Diagrams/logActivityDiagram.pdf, id=73, page=1, 844.15375pt x 1165.35374pt>
File: Diagrams/logActivityDiagram.pdf Graphic file (type pdf)
<use Diagrams/logActivityDiagram.pdf, page 1>
Package pdftex.def Info: Diagrams/logActivityDiagram.pdf , page1 used on input 
line 77.
(pdftex.def)             Requested size: 844.15169pt x 1165.3509pt.
File: Diagrams/logActivityDiagram.pdf Graphic file (type pdf)
<use Diagrams/logActivityDiagram.pdf, page 1>
Package pdftex.def Info: Diagrams/logActivityDiagram.pdf , page1 used on input 
line 77.
(pdftex.def)             Requested size: 597.61446pt x 825.00641pt.
File: Diagrams/logActivityDiagram.pdf Graphic file (type pdf)
<use Diagrams/logActivityDiagram.pdf, page 1>
Package pdftex.def Info: Diagrams/logActivityDiagram.pdf , page1 used on input 
line 77.
(pdftex.def)             Requested size: 597.61446pt x 825.00641pt.
File: Diagrams/logActivityDiagram.pdf Graphic file (type pdf)
<use Diagrams/logActivityDiagram.pdf, page 1>
Package pdftex.def Info: Diagrams/logActivityDiagram.pdf , page1 used on input 
line 77.
(pdftex.def)             Requested size: 597.61446pt x 825.00641pt.
File: Diagrams/logActivityDiagram.pdf Graphic file (type pdf)
<use Diagrams/logActivityDiagram.pdf, page 1>
Package pdftex.def Info: Diagrams/logActivityDiagram.pdf , page1 used on input 
line 77.
(pdftex.def)             Requested size: 597.61446pt x 825.00641pt.
[10 <./Diagrams/logActivityDiagram.pdf>] (relazioneProgetto.aux) ) 
Here is how much of TeX's memory you used:
 3702 strings out of 492895
 53584 string characters out of 3123735
 124150 words of memory out of 3000000
 7553 multiletter control sequences out of 15000+200000
 5110 words of font info for 19 fonts, out of 3000000 for 9000
 1141 hyphenation exceptions out of 8191
 41i,18n,43p,535b,510s stack positions out of 5000i,500n,10000p,200000b,50000s
<C:/Users/dan
ie/AppData/Local/Programs/MiKTeX 2.9/fonts/type1/public/amsfonts/cm/cmbx10.pfb>
<C:/Users/danie/AppData/Local/Programs/MiKTeX 2.9/fonts/type1/public/amsfonts/c
m/cmbx12.pfb><C:/Users/danie/AppData/Local/Programs/MiKTeX 2.9/fonts/type1/publ
ic/amsfonts/cm/cmr10.pfb><C:/Users/danie/AppData/Local/Programs/MiKTeX 2.9/font
s/type1/public/amsfonts/cm/cmsy10.pfb>
Output written on relazioneProgetto.pdf (10 pages, 7134390 bytes).
PDF statistics:
 98 PDF objects out of 1000 (max. 8388607)
 0 named destinations out of 1000 (max. 500000)
 101 words of extra memory for PDF output out of 10000 (max. 10000000)

